{
  "RSpec": {
    "coverage": {
      "/Users/erichale/turing/3module/projects/sweater_weather/spec/facades/image_facade_spec.rb": {
        "lines": [
          1,
          null,
          1,
          1,
          1,
          null,
          1,
          null,
          1,
          null,
          null
        ]
      },
      "/Users/erichale/turing/3module/projects/sweater_weather/spec/rails_helper.rb": {
        "lines": [
          null,
          1,
          1,
          1,
          null,
          1,
          1,
          null,
          null,
          null,
          null,
          null,
          null,
          null,
          null,
          null,
          null,
          null,
          null,
          null,
          null,
          null,
          null,
          null,
          null,
          null,
          1,
          1,
          null,
          0,
          0,
          null,
          1,
          null,
          1,
          null,
          null,
          null,
          null,
          1,
          null,
          null,
          null,
          null,
          null,
          null,
          null,
          null,
          null,
          null,
          null,
          null,
          null,
          null,
          null,
          null,
          null,
          1,
          null,
          null,
          1,
          null,
          null,
          null,
          null,
          1,
          1,
          1,
          1,
          null,
          null,
          null,
          1,
          1,
          1,
          22,
          22,
          22,
          1,
          null
        ]
      },
      "/Users/erichale/turing/3module/projects/sweater_weather/config/environment.rb": {
        "lines": [
          null,
          1,
          null,
          null,
          1
        ]
      },
      "/Users/erichale/turing/3module/projects/sweater_weather/config/application.rb": {
        "lines": [
          1,
          null,
          1,
          null,
          1,
          1,
          1,
          1,
          1,
          1,
          1,
          1,
          null,
          null,
          null,
          null,
          null,
          1,
          null,
          1,
          1,
          null,
          1,
          null,
          null,
          null,
          null,
          null,
          null,
          null,
          null,
          null,
          1,
          null,
          null
        ]
      },
      "/Users/erichale/turing/3module/projects/sweater_weather/config/boot.rb": {
        "lines": [
          1,
          null,
          1,
          1
        ]
      },
      "/Users/erichale/turing/3module/projects/sweater_weather/config/environments/test.rb": {
        "lines": [
          1,
          null,
          null,
          null,
          null,
          null,
          null,
          1,
          null,
          null,
          null,
          null,
          1,
          null,
          null,
          1,
          1,
          null,
          null,
          null,
          null,
          1,
          1,
          null,
          null,
          1,
          null,
          null,
          1,
          null,
          null,
          1,
          null,
          1,
          null,
          null,
          null,
          null,
          1,
          null,
          null,
          1,
          null,
          null,
          null,
          null
        ]
      },
      "/Users/erichale/turing/3module/projects/sweater_weather/config/initializers/application_controller_renderer.rb": {
        "lines": [
          null,
          null,
          null,
          null,
          null,
          null,
          null,
          null
        ]
      },
      "/Users/erichale/turing/3module/projects/sweater_weather/config/initializers/backtrace_silencers.rb": {
        "lines": [
          null,
          null,
          null,
          null,
          null,
          null,
          null
        ]
      },
      "/Users/erichale/turing/3module/projects/sweater_weather/config/initializers/cors.rb": {
        "lines": [
          null,
          null,
          null,
          null,
          null,
          null,
          null,
          null,
          null,
          null,
          null,
          null,
          null,
          null,
          null,
          null
        ]
      },
      "/Users/erichale/turing/3module/projects/sweater_weather/config/initializers/filter_parameter_logging.rb": {
        "lines": [
          null,
          null,
          null,
          1
        ]
      },
      "/Users/erichale/turing/3module/projects/sweater_weather/config/initializers/inflections.rb": {
        "lines": [
          null,
          null,
          null,
          null,
          null,
          null,
          null,
          null,
          null,
          null,
          null,
          null,
          null,
          null,
          null,
          null
        ]
      },
      "/Users/erichale/turing/3module/projects/sweater_weather/config/initializers/mime_types.rb": {
        "lines": [
          null,
          null,
          null,
          null
        ]
      },
      "/Users/erichale/turing/3module/projects/sweater_weather/config/initializers/wrap_parameters.rb": {
        "lines": [
          null,
          null,
          null,
          null,
          null,
          null,
          1,
          2,
          null,
          null,
          null,
          null,
          null,
          null
        ]
      },
      "/Users/erichale/turing/3module/projects/sweater_weather/config/routes.rb": {
        "lines": [
          1,
          null,
          1,
          1,
          1,
          1,
          1,
          1,
          1,
          null,
          null,
          null
        ]
      },
      "/Users/erichale/turing/3module/projects/sweater_weather/app/facades/image_facade.rb": {
        "lines": [
          1,
          1,
          2,
          2,
          null,
          null
        ]
      },
      "/Users/erichale/turing/3module/projects/sweater_weather/spec/facades/weather_facade_spec.rb": {
        "lines": [
          1,
          null,
          1,
          1,
          1,
          null,
          1,
          null,
          1,
          null,
          null
        ]
      },
      "/Users/erichale/turing/3module/projects/sweater_weather/app/facades/weather_facade.rb": {
        "lines": [
          1,
          1,
          5,
          5,
          5,
          null,
          null
        ]
      },
      "/Users/erichale/turing/3module/projects/sweater_weather/spec/models/users_spec.rb": {
        "lines": [
          1,
          null,
          1,
          1,
          2,
          2,
          2,
          2,
          null,
          null,
          null
        ]
      },
      "/Users/erichale/turing/3module/projects/sweater_weather/app/models/users.rb": {
        "lines": [
          1,
          1,
          1,
          1,
          1,
          null,
          1,
          null
        ]
      },
      "/Users/erichale/turing/3module/projects/sweater_weather/app/models/application_record.rb": {
        "lines": [
          1,
          1,
          null
        ]
      },
      "/Users/erichale/turing/3module/projects/sweater_weather/spec/poros/credit_spec.rb": {
        "lines": [
          1,
          null,
          1,
          1,
          1,
          null,
          1,
          null,
          1,
          1,
          1,
          1,
          null,
          null
        ]
      },
      "/Users/erichale/turing/3module/projects/sweater_weather/app/poros/credit.rb": {
        "lines": [
          1,
          1,
          null,
          null,
          null,
          1,
          4,
          4,
          4,
          null,
          null
        ]
      },
      "/Users/erichale/turing/3module/projects/sweater_weather/spec/poros/current_weather_spec.rb": {
        "lines": [
          1,
          null,
          1,
          1,
          1,
          null,
          null,
          null,
          null,
          null,
          null,
          null,
          null,
          null,
          null,
          null,
          null,
          null,
          null,
          null,
          null,
          null,
          null,
          null,
          null,
          null,
          null,
          null,
          1,
          null,
          1,
          null,
          1,
          1,
          1,
          1,
          1,
          1,
          1,
          1,
          1,
          1,
          1,
          null,
          null
        ]
      },
      "/Users/erichale/turing/3module/projects/sweater_weather/app/poros/current_weather.rb": {
        "lines": [
          1,
          1,
          null,
          null,
          null,
          null,
          null,
          null,
          null,
          null,
          null,
          null,
          1,
          9,
          9,
          9,
          9,
          9,
          9,
          9,
          9,
          9,
          9,
          null,
          null,
          1,
          31,
          null,
          null
        ]
      },
      "/Users/erichale/turing/3module/projects/sweater_weather/spec/poros/daily_weather_spec.rb": {
        "lines": [
          1,
          null,
          1,
          1,
          1,
          null,
          null,
          null,
          null,
          null,
          null,
          null,
          null,
          null,
          null,
          null,
          null,
          null,
          null,
          null,
          null,
          null,
          null,
          null,
          null,
          null,
          null,
          null,
          null,
          null,
          null,
          null,
          null,
          null,
          null,
          null,
          null,
          1,
          null,
          1,
          null,
          1,
          1,
          1,
          1,
          1,
          1,
          1,
          1,
          null,
          null
        ]
      },
      "/Users/erichale/turing/3module/projects/sweater_weather/app/poros/daily_weather.rb": {
        "lines": [
          1,
          1,
          null,
          null,
          null,
          null,
          null,
          null,
          null,
          1,
          59,
          59,
          59,
          59,
          59,
          59,
          59,
          null,
          null,
          1,
          181,
          null,
          null
        ]
      },
      "/Users/erichale/turing/3module/projects/sweater_weather/spec/poros/forecast_spec.rb": {
        "lines": [
          1,
          null,
          1,
          1,
          1,
          null,
          null,
          null,
          null,
          null,
          null,
          null,
          null,
          null,
          null,
          null,
          null,
          null,
          null,
          null,
          null,
          null,
          null,
          null,
          null,
          null,
          null,
          null,
          null,
          null,
          null,
          null,
          null,
          null,
          null,
          null,
          null,
          null,
          null,
          null,
          null,
          null,
          null,
          null,
          null,
          null,
          null,
          null,
          null,
          null,
          null,
          null,
          null,
          null,
          null,
          null,
          null,
          null,
          null,
          null,
          null,
          null,
          null,
          null,
          null,
          null,
          null,
          null,
          null,
          null,
          null,
          null,
          null,
          null,
          null,
          null,
          null,
          null,
          null,
          null,
          null,
          null,
          null,
          null,
          null,
          null,
          null,
          null,
          null,
          null,
          null,
          null,
          null,
          null,
          null,
          null,
          null,
          null,
          null,
          null,
          null,
          null,
          null,
          null,
          null,
          null,
          null,
          null,
          null,
          null,
          null,
          null,
          null,
          null,
          null,
          null,
          null,
          null,
          null,
          null,
          null,
          null,
          null,
          null,
          null,
          null,
          null,
          null,
          null,
          null,
          null,
          null,
          null,
          null,
          null,
          null,
          null,
          null,
          null,
          null,
          null,
          null,
          null,
          null,
          null,
          null,
          null,
          null,
          null,
          null,
          null,
          null,
          null,
          null,
          null,
          null,
          null,
          null,
          null,
          null,
          null,
          null,
          null,
          1,
          1,
          1,
          null,
          1,
          1,
          null,
          1,
          1,
          null,
          null
        ]
      },
      "/Users/erichale/turing/3module/projects/sweater_weather/app/poros/forecast.rb": {
        "lines": [
          1,
          1,
          null,
          null,
          null,
          null,
          1,
          8,
          8,
          8,
          8,
          null,
          null,
          1,
          8,
          58,
          null,
          null,
          null,
          1,
          8,
          339,
          null,
          null,
          null
        ]
      },
      "/Users/erichale/turing/3module/projects/sweater_weather/spec/poros/hourly_weather_spec.rb": {
        "lines": [
          1,
          null,
          1,
          1,
          1,
          null,
          null,
          null,
          null,
          null,
          null,
          null,
          null,
          null,
          null,
          null,
          null,
          null,
          null,
          null,
          null,
          null,
          null,
          null,
          null,
          null,
          1,
          null,
          1,
          null,
          1,
          1,
          1,
          1,
          1,
          1,
          1,
          1,
          null,
          null
        ]
      },
      "/Users/erichale/turing/3module/projects/sweater_weather/app/poros/hourly_weather.rb": {
        "lines": [
          1,
          1,
          null,
          null,
          null,
          null,
          null,
          null,
          1,
          340,
          340,
          340,
          340,
          340,
          340,
          null,
          null,
          1,
          342,
          null,
          null,
          1,
          341,
          341,
          341,
          null,
          null
        ]
      },
      "/Users/erichale/turing/3module/projects/sweater_weather/spec/poros/image_spec.rb": {
        "lines": [
          1,
          null,
          1,
          1,
          1,
          1,
          null,
          null,
          null,
          null,
          null,
          null,
          null,
          null,
          null,
          null,
          null,
          null,
          null,
          null,
          null,
          null,
          null,
          null,
          null,
          null,
          1,
          null,
          1,
          1,
          1,
          1,
          1,
          1,
          1,
          1,
          null,
          null
        ]
      },
      "/Users/erichale/turing/3module/projects/sweater_weather/app/poros/image.rb": {
        "lines": [
          1,
          1,
          null,
          null,
          null,
          null,
          1,
          3,
          3,
          3,
          3,
          null,
          null
        ]
      },
      "/Users/erichale/turing/3module/projects/sweater_weather/spec/poros/location_poro_spec.rb": {
        "lines": [
          1,
          null,
          1,
          1,
          1,
          null,
          1,
          1,
          1,
          1,
          null,
          null
        ]
      },
      "/Users/erichale/turing/3module/projects/sweater_weather/app/poros/location.rb": {
        "lines": [
          1,
          1,
          null,
          1,
          1,
          1,
          null,
          null
        ]
      },
      "/Users/erichale/turing/3module/projects/sweater_weather/spec/poros/road_trip_spec.rb": {
        "lines": [
          1,
          null,
          1,
          1,
          1,
          1,
          1,
          1,
          1,
          1,
          1,
          null,
          1,
          1,
          1,
          1,
          1,
          1,
          1,
          1,
          1,
          1,
          null,
          null
        ]
      },
      "/Users/erichale/turing/3module/projects/sweater_weather/app/poros/road_trip.rb": {
        "lines": [
          1,
          1,
          null,
          null,
          null,
          null,
          null,
          1,
          2,
          2,
          2,
          2,
          2,
          2,
          2,
          null,
          null,
          1,
          2,
          2,
          1,
          null,
          1,
          null,
          null,
          null
        ]
      },
      "/Users/erichale/turing/3module/projects/sweater_weather/spec/requests/api/v1/backgrounds_location_spec.rb": {
        "lines": [
          1,
          null,
          1,
          1,
          1,
          null,
          1,
          null,
          1,
          1,
          null,
          1,
          null,
          1,
          1,
          1,
          1,
          1,
          1,
          1,
          1,
          1,
          null,
          1,
          1,
          null,
          1,
          1,
          null,
          1,
          1,
          null,
          1,
          1,
          null,
          1,
          1,
          null,
          1,
          1,
          null,
          null
        ]
      },
      "/Users/erichale/turing/3module/projects/sweater_weather/spec/requests/api/v1/location_forecast_spec.rb": {
        "lines": [
          1,
          null,
          1,
          1,
          1,
          null,
          1,
          null,
          1,
          1,
          1,
          null,
          1,
          1,
          1,
          1,
          1,
          1,
          1,
          1,
          1,
          null,
          1,
          1,
          1,
          1,
          1,
          null,
          1,
          1,
          1,
          null,
          null,
          1,
          1,
          null,
          1,
          null,
          1,
          null,
          1,
          1,
          null,
          1,
          1,
          null,
          1,
          1,
          null,
          1,
          1,
          null,
          1,
          1,
          null,
          1,
          1,
          null,
          1,
          1,
          null,
          1,
          1,
          null,
          1,
          1,
          null,
          1,
          1,
          null,
          1,
          1,
          1,
          1,
          1,
          1,
          null,
          null,
          1,
          1,
          null,
          1,
          null,
          1,
          null,
          1,
          1,
          null,
          1,
          1,
          null,
          1,
          1,
          null,
          1,
          1,
          null,
          1,
          1,
          null,
          1,
          1,
          null,
          1,
          1,
          null,
          1,
          1,
          1,
          1,
          1,
          1,
          1,
          1,
          1,
          null,
          null,
          1,
          1,
          null,
          1,
          null,
          1,
          null,
          1,
          1,
          null,
          1,
          1,
          null,
          1,
          1,
          null,
          1,
          1,
          null,
          1,
          1,
          null,
          1,
          1,
          null,
          1,
          1,
          1,
          1,
          1,
          1,
          1,
          null,
          null
        ]
      },
      "/Users/erichale/turing/3module/projects/sweater_weather/spec/requests/api/v1/road_trip_spec.rb": {
        "lines": [
          1,
          null,
          1,
          1,
          1,
          null,
          null,
          1,
          1,
          null,
          1,
          null,
          null,
          null,
          1,
          1,
          1,
          null,
          null,
          1,
          1,
          null,
          null,
          1,
          null,
          1,
          1,
          null,
          1,
          1,
          1,
          1,
          1,
          1,
          1,
          1,
          1,
          1,
          1,
          null,
          1,
          1,
          null,
          1,
          1,
          null,
          1,
          1,
          null,
          1,
          1,
          null,
          1,
          1,
          null,
          null
        ]
      },
      "/Users/erichale/turing/3module/projects/sweater_weather/spec/requests/api/v1/user_login_spec.rb": {
        "lines": [
          1,
          null,
          1,
          1,
          5,
          null,
          null,
          5,
          5,
          null,
          null,
          1,
          1,
          null,
          null,
          null,
          1,
          1,
          null,
          1,
          null,
          1,
          1,
          null,
          1,
          1,
          1,
          1,
          1,
          1,
          1,
          1,
          1,
          1,
          1,
          1,
          null,
          null,
          1,
          1,
          null,
          1,
          1,
          null,
          1,
          1,
          1,
          1,
          null,
          null,
          1,
          1,
          null,
          1,
          1,
          null,
          1,
          1,
          1,
          1,
          null,
          null,
          1,
          1,
          null,
          null,
          1,
          1,
          null,
          1,
          1,
          1,
          1,
          null,
          null,
          1,
          1,
          null,
          null,
          1,
          1,
          null,
          1,
          1,
          1,
          1,
          null,
          null
        ]
      },
      "/Users/erichale/turing/3module/projects/sweater_weather/spec/requests/api/v1/user_registration_spec.rb": {
        "lines": [
          1,
          null,
          1,
          1,
          1,
          null,
          null,
          1,
          null,
          null,
          1,
          1,
          null,
          1,
          null,
          1,
          1,
          null,
          1,
          1,
          1,
          1,
          1,
          1,
          1,
          1,
          1,
          1,
          1,
          1,
          1,
          1,
          null,
          null,
          1,
          1,
          null,
          1,
          null,
          1,
          1,
          null,
          null,
          1,
          1,
          1,
          1,
          null,
          null,
          1,
          1,
          1,
          null,
          1,
          1,
          null,
          null,
          1,
          1,
          1,
          1,
          null,
          null,
          1,
          1,
          null,
          null,
          1,
          null,
          1,
          1,
          null,
          null,
          1,
          1,
          1,
          1,
          null,
          null,
          1,
          1,
          null,
          null,
          1,
          null,
          1,
          1,
          1,
          null,
          null,
          1,
          1,
          1,
          1,
          null,
          null
        ]
      },
      "/Users/erichale/turing/3module/projects/sweater_weather/spec/services/geolocation_service_spec.rb": {
        "lines": [
          1,
          null,
          1,
          1,
          null,
          1,
          1,
          1,
          1,
          1,
          1,
          1,
          null,
          null,
          1,
          1,
          1,
          null,
          1,
          null,
          1,
          1,
          1,
          1,
          1,
          1,
          1,
          1,
          null,
          null
        ]
      },
      "/Users/erichale/turing/3module/projects/sweater_weather/app/services/geolocation_service.rb": {
        "lines": [
          1,
          1,
          6,
          6,
          null,
          6,
          6,
          null,
          null,
          1,
          3,
          3,
          3,
          null,
          3,
          3,
          null,
          null,
          1,
          9,
          9,
          null,
          null,
          null
        ]
      },
      "/Users/erichale/turing/3module/projects/sweater_weather/spec/services/image_service_spec.rb": {
        "lines": [
          1,
          null,
          1,
          1,
          1,
          null,
          1,
          null,
          1,
          1,
          1,
          1,
          1,
          1,
          1,
          1,
          null,
          null
        ]
      },
      "/Users/erichale/turing/3module/projects/sweater_weather/app/services/image_service.rb": {
        "lines": [
          1,
          1,
          3,
          3,
          null,
          null,
          3,
          null,
          null,
          1,
          3,
          3,
          null,
          null,
          null
        ]
      },
      "/Users/erichale/turing/3module/projects/sweater_weather/spec/services/weather_service_spec.rb": {
        "lines": [
          1,
          null,
          1,
          1,
          1,
          null,
          1,
          null,
          1,
          1,
          1,
          1,
          null,
          null
        ]
      },
      "/Users/erichale/turing/3module/projects/sweater_weather/app/services/weather_service.rb": {
        "lines": [
          1,
          1,
          8,
          8,
          8,
          null,
          8,
          null,
          null,
          1,
          8,
          8,
          8,
          8,
          null,
          null,
          null
        ]
      },
      "/Users/erichale/turing/3module/projects/sweater_weather/app/controllers/api/v1/backgrounds_controller.rb": {
        "lines": [
          1,
          1,
          1,
          1,
          null,
          null
        ]
      },
      "/Users/erichale/turing/3module/projects/sweater_weather/app/controllers/application_controller.rb": {
        "lines": [
          1,
          null
        ]
      },
      "/Users/erichale/turing/3module/projects/sweater_weather/app/serializers/image_serializer.rb": {
        "lines": [
          1,
          1,
          1,
          1,
          null,
          null
        ]
      },
      "/Users/erichale/turing/3module/projects/sweater_weather/app/controllers/api/v1/forecast_controller.rb": {
        "lines": [
          1,
          1,
          4,
          4,
          null,
          null
        ]
      },
      "/Users/erichale/turing/3module/projects/sweater_weather/app/serializers/forecast_serializer.rb": {
        "lines": [
          1,
          1,
          5,
          null,
          1,
          null,
          1,
          4,
          null,
          null,
          1,
          4,
          null,
          null
        ]
      },
      "/Users/erichale/turing/3module/projects/sweater_weather/app/controllers/api/v1/users_controller.rb": {
        "lines": [
          1,
          1,
          12,
          null,
          12,
          1,
          11,
          1,
          10,
          1,
          9,
          1,
          8,
          8,
          8,
          null,
          null,
          null,
          1,
          null,
          1,
          64,
          null,
          null
        ]
      },
      "/Users/erichale/turing/3module/projects/sweater_weather/app/serializers/users_serializer.rb": {
        "lines": [
          1,
          1,
          1,
          null
        ]
      },
      "/Users/erichale/turing/3module/projects/sweater_weather/app/controllers/api/v1/sessions_controller.rb": {
        "lines": [
          1,
          1,
          6,
          6,
          2,
          4,
          1,
          3,
          1,
          null,
          2,
          null,
          null,
          null
        ]
      },
      "/Users/erichale/turing/3module/projects/sweater_weather/app/controllers/api/v1/road_trip_controller.rb": {
        "lines": [
          1,
          1,
          1,
          1,
          1,
          1,
          1,
          1,
          1,
          1,
          1,
          null,
          0,
          null,
          null,
          null
        ]
      },
      "/Users/erichale/turing/3module/projects/sweater_weather/app/serializers/road_trip_serializer.rb": {
        "lines": [
          1,
          1,
          1,
          1,
          null
        ]
      }
    },
    "timestamp": 1605056780
  }
}
